<?xml version="1.0" encoding="UTF-8"?>
<testsuite xmlns:xsi="http://www.w3.org/2001/XMLSchema-instance" xsi:noNamespaceSchemaLocation="https://maven.apache.org/surefire/maven-surefire-plugin/xsd/surefire-test-report-3.0.xsd" version="3.0" name="com.example.AppTest" time="0.027" tests="1" errors="0" skipped="0" failures="0">
  <properties>
    <property name="awt.toolkit" value="sun.awt.X11.XToolkit"/>
    <property name="java.specification.version" value="11"/>
    <property name="sun.cpu.isalist" value=""/>
    <property name="sun.jnu.encoding" value="UTF-8"/>
    <property name="java.class.path" value="/workspace/kafka-flink-app/flink-kafka-integration/target/test-classes:/workspace/kafka-flink-app/flink-kafka-integration/target/classes:/workspace/m2-repository/org/apache/flink/flink-streaming-java/1.17.2/flink-streaming-java-1.17.2.jar:/workspace/m2-repository/org/apache/flink/flink-core/1.17.2/flink-core-1.17.2.jar:/workspace/m2-repository/org/apache/flink/flink-annotations/1.17.2/flink-annotations-1.17.2.jar:/workspace/m2-repository/org/apache/flink/flink-metrics-core/1.17.2/flink-metrics-core-1.17.2.jar:/workspace/m2-repository/org/apache/flink/flink-shaded-asm-9/9.3-16.1/flink-shaded-asm-9-9.3-16.1.jar:/workspace/m2-repository/org/apache/flink/flink-shaded-jackson/2.13.4-16.1/flink-shaded-jackson-2.13.4-16.1.jar:/workspace/m2-repository/org/apache/commons/commons-lang3/3.12.0/commons-lang3-3.12.0.jar:/workspace/m2-repository/org/apache/commons/commons-text/1.10.0/commons-text-1.10.0.jar:/workspace/m2-repository/com/esotericsoftware/kryo/kryo/2.24.0/kryo-2.24.0.jar:/workspace/m2-repository/com/esotericsoftware/minlog/minlog/1.2/minlog-1.2.jar:/workspace/m2-repository/org/objenesis/objenesis/2.1/objenesis-2.1.jar:/workspace/m2-repository/commons-collections/commons-collections/3.2.2/commons-collections-3.2.2.jar:/workspace/m2-repository/org/apache/commons/commons-compress/1.21/commons-compress-1.21.jar:/workspace/m2-repository/org/apache/flink/flink-file-sink-common/1.17.2/flink-file-sink-common-1.17.2.jar:/workspace/m2-repository/org/apache/flink/flink-runtime/1.17.2/flink-runtime-1.17.2.jar:/workspace/m2-repository/org/apache/flink/flink-rpc-core/1.17.2/flink-rpc-core-1.17.2.jar:/workspace/m2-repository/org/apache/flink/flink-rpc-akka-loader/1.17.2/flink-rpc-akka-loader-1.17.2.jar:/workspace/m2-repository/org/apache/flink/flink-queryable-state-client-java/1.17.2/flink-queryable-state-client-java-1.17.2.jar:/workspace/m2-repository/org/apache/flink/flink-hadoop-fs/1.17.2/flink-hadoop-fs-1.17.2.jar:/workspace/m2-repository/commons-io/commons-io/2.11.0/commons-io-2.11.0.jar:/workspace/m2-repository/org/apache/flink/flink-shaded-netty/4.1.82.Final-16.1/flink-shaded-netty-4.1.82.Final-16.1.jar:/workspace/m2-repository/org/apache/flink/flink-shaded-zookeeper-3/3.7.1-16.1/flink-shaded-zookeeper-3-3.7.1-16.1.jar:/workspace/m2-repository/commons-cli/commons-cli/1.5.0/commons-cli-1.5.0.jar:/workspace/m2-repository/org/javassist/javassist/3.24.0-GA/javassist-3.24.0-GA.jar:/workspace/m2-repository/org/xerial/snappy/snappy-java/1.1.10.4/snappy-java-1.1.10.4.jar:/workspace/m2-repository/org/lz4/lz4-java/1.8.0/lz4-java-1.8.0.jar:/workspace/m2-repository/org/apache/flink/flink-shaded-force-shading/16.1/flink-shaded-force-shading-16.1.jar:/workspace/m2-repository/org/apache/flink/flink-java/1.17.2/flink-java-1.17.2.jar:/workspace/m2-repository/com/twitter/chill-java/0.7.6/chill-java-0.7.6.jar:/workspace/m2-repository/org/apache/flink/flink-shaded-guava/30.1.1-jre-16.1/flink-shaded-guava-30.1.1-jre-16.1.jar:/workspace/m2-repository/org/apache/commons/commons-math3/3.6.1/commons-math3-3.6.1.jar:/workspace/m2-repository/org/slf4j/slf4j-api/1.7.36/slf4j-api-1.7.36.jar:/workspace/m2-repository/com/google/code/findbugs/jsr305/1.3.9/jsr305-1.3.9.jar:/workspace/m2-repository/org/apache/flink/flink-connector-kafka/1.17.2/flink-connector-kafka-1.17.2.jar:/workspace/m2-repository/org/apache/flink/flink-connector-base/1.17.2/flink-connector-base-1.17.2.jar:/workspace/m2-repository/org/apache/kafka/kafka-clients/3.2.3/kafka-clients-3.2.3.jar:/workspace/m2-repository/com/github/luben/zstd-jni/1.5.2-1/zstd-jni-1.5.2-1.jar:/workspace/m2-repository/com/fasterxml/jackson/core/jackson-databind/2.15.0/jackson-databind-2.15.0.jar:/workspace/m2-repository/com/fasterxml/jackson/core/jackson-annotations/2.15.0/jackson-annotations-2.15.0.jar:/workspace/m2-repository/com/fasterxml/jackson/core/jackson-core/2.15.0/jackson-core-2.15.0.jar:/workspace/m2-repository/junit/junit/4.13.2/junit-4.13.2.jar:/workspace/m2-repository/org/hamcrest/hamcrest-core/1.3/hamcrest-core-1.3.jar:"/>
    <property name="java.vm.vendor" value="Azul Systems, Inc."/>
    <property name="sun.arch.data.model" value="64"/>
    <property name="java.vendor.url" value="http://www.azul.com/"/>
    <property name="user.timezone" value=""/>
    <property name="java.vm.specification.version" value="11"/>
    <property name="os.name" value="Linux"/>
    <property name="sun.java.launcher" value="SUN_STANDARD"/>
    <property name="user.country" value="US"/>
    <property name="sun.boot.library.path" value="/home/gitpod/.sdkman/candidates/java/11.0.25.fx-zulu/lib"/>
    <property name="sun.java.command" value="/workspace/kafka-flink-app/flink-kafka-integration/target/surefire/surefirebooter-20241218095026947_3.jar /workspace/kafka-flink-app/flink-kafka-integration/target/surefire 2024-12-18T09-50-26_880-jvmRun1 surefire-20241218095026947_1tmp surefire_0-20241218095026947_2tmp"/>
    <property name="jdk.debug" value="release"/>
    <property name="surefire.test.class.path" value="/workspace/kafka-flink-app/flink-kafka-integration/target/test-classes:/workspace/kafka-flink-app/flink-kafka-integration/target/classes:/workspace/m2-repository/org/apache/flink/flink-streaming-java/1.17.2/flink-streaming-java-1.17.2.jar:/workspace/m2-repository/org/apache/flink/flink-core/1.17.2/flink-core-1.17.2.jar:/workspace/m2-repository/org/apache/flink/flink-annotations/1.17.2/flink-annotations-1.17.2.jar:/workspace/m2-repository/org/apache/flink/flink-metrics-core/1.17.2/flink-metrics-core-1.17.2.jar:/workspace/m2-repository/org/apache/flink/flink-shaded-asm-9/9.3-16.1/flink-shaded-asm-9-9.3-16.1.jar:/workspace/m2-repository/org/apache/flink/flink-shaded-jackson/2.13.4-16.1/flink-shaded-jackson-2.13.4-16.1.jar:/workspace/m2-repository/org/apache/commons/commons-lang3/3.12.0/commons-lang3-3.12.0.jar:/workspace/m2-repository/org/apache/commons/commons-text/1.10.0/commons-text-1.10.0.jar:/workspace/m2-repository/com/esotericsoftware/kryo/kryo/2.24.0/kryo-2.24.0.jar:/workspace/m2-repository/com/esotericsoftware/minlog/minlog/1.2/minlog-1.2.jar:/workspace/m2-repository/org/objenesis/objenesis/2.1/objenesis-2.1.jar:/workspace/m2-repository/commons-collections/commons-collections/3.2.2/commons-collections-3.2.2.jar:/workspace/m2-repository/org/apache/commons/commons-compress/1.21/commons-compress-1.21.jar:/workspace/m2-repository/org/apache/flink/flink-file-sink-common/1.17.2/flink-file-sink-common-1.17.2.jar:/workspace/m2-repository/org/apache/flink/flink-runtime/1.17.2/flink-runtime-1.17.2.jar:/workspace/m2-repository/org/apache/flink/flink-rpc-core/1.17.2/flink-rpc-core-1.17.2.jar:/workspace/m2-repository/org/apache/flink/flink-rpc-akka-loader/1.17.2/flink-rpc-akka-loader-1.17.2.jar:/workspace/m2-repository/org/apache/flink/flink-queryable-state-client-java/1.17.2/flink-queryable-state-client-java-1.17.2.jar:/workspace/m2-repository/org/apache/flink/flink-hadoop-fs/1.17.2/flink-hadoop-fs-1.17.2.jar:/workspace/m2-repository/commons-io/commons-io/2.11.0/commons-io-2.11.0.jar:/workspace/m2-repository/org/apache/flink/flink-shaded-netty/4.1.82.Final-16.1/flink-shaded-netty-4.1.82.Final-16.1.jar:/workspace/m2-repository/org/apache/flink/flink-shaded-zookeeper-3/3.7.1-16.1/flink-shaded-zookeeper-3-3.7.1-16.1.jar:/workspace/m2-repository/commons-cli/commons-cli/1.5.0/commons-cli-1.5.0.jar:/workspace/m2-repository/org/javassist/javassist/3.24.0-GA/javassist-3.24.0-GA.jar:/workspace/m2-repository/org/xerial/snappy/snappy-java/1.1.10.4/snappy-java-1.1.10.4.jar:/workspace/m2-repository/org/lz4/lz4-java/1.8.0/lz4-java-1.8.0.jar:/workspace/m2-repository/org/apache/flink/flink-shaded-force-shading/16.1/flink-shaded-force-shading-16.1.jar:/workspace/m2-repository/org/apache/flink/flink-java/1.17.2/flink-java-1.17.2.jar:/workspace/m2-repository/com/twitter/chill-java/0.7.6/chill-java-0.7.6.jar:/workspace/m2-repository/org/apache/flink/flink-shaded-guava/30.1.1-jre-16.1/flink-shaded-guava-30.1.1-jre-16.1.jar:/workspace/m2-repository/org/apache/commons/commons-math3/3.6.1/commons-math3-3.6.1.jar:/workspace/m2-repository/org/slf4j/slf4j-api/1.7.36/slf4j-api-1.7.36.jar:/workspace/m2-repository/com/google/code/findbugs/jsr305/1.3.9/jsr305-1.3.9.jar:/workspace/m2-repository/org/apache/flink/flink-connector-kafka/1.17.2/flink-connector-kafka-1.17.2.jar:/workspace/m2-repository/org/apache/flink/flink-connector-base/1.17.2/flink-connector-base-1.17.2.jar:/workspace/m2-repository/org/apache/kafka/kafka-clients/3.2.3/kafka-clients-3.2.3.jar:/workspace/m2-repository/com/github/luben/zstd-jni/1.5.2-1/zstd-jni-1.5.2-1.jar:/workspace/m2-repository/com/fasterxml/jackson/core/jackson-databind/2.15.0/jackson-databind-2.15.0.jar:/workspace/m2-repository/com/fasterxml/jackson/core/jackson-annotations/2.15.0/jackson-annotations-2.15.0.jar:/workspace/m2-repository/com/fasterxml/jackson/core/jackson-core/2.15.0/jackson-core-2.15.0.jar:/workspace/m2-repository/junit/junit/4.13.2/junit-4.13.2.jar:/workspace/m2-repository/org/hamcrest/hamcrest-core/1.3/hamcrest-core-1.3.jar:"/>
    <property name="sun.cpu.endian" value="little"/>
    <property name="user.home" value="/home/gitpod"/>
    <property name="user.language" value="en"/>
    <property name="java.specification.vendor" value="Oracle Corporation"/>
    <property name="java.version.date" value="2024-10-15"/>
    <property name="java.home" value="/home/gitpod/.sdkman/candidates/java/11.0.25.fx-zulu"/>
    <property name="file.separator" value="/"/>
    <property name="basedir" value="/workspace/kafka-flink-app/flink-kafka-integration"/>
    <property name="java.vm.compressedOopsMode" value="Zero based"/>
    <property name="line.separator" value="&#10;"/>
    <property name="java.specification.name" value="Java Platform API Specification"/>
    <property name="java.vm.specification.vendor" value="Oracle Corporation"/>
    <property name="jdk.vendor.version" value="Zulu11.76+21-CA"/>
    <property name="java.awt.graphicsenv" value="sun.awt.X11GraphicsEnvironment"/>
    <property name="surefire.real.class.path" value="/workspace/kafka-flink-app/flink-kafka-integration/target/surefire/surefirebooter-20241218095026947_3.jar"/>
    <property name="sun.management.compiler" value="HotSpot 64-Bit Tiered Compilers"/>
    <property name="java.runtime.version" value="11.0.25+9-LTS"/>
    <property name="user.name" value="gitpod"/>
    <property name="path.separator" value=":"/>
    <property name="os.version" value="6.1.91-060191-generic"/>
    <property name="java.runtime.name" value="OpenJDK Runtime Environment"/>
    <property name="file.encoding" value="UTF-8"/>
    <property name="java.vm.name" value="OpenJDK 64-Bit Server VM"/>
    <property name="java.vendor.version" value="Zulu11.76+21-CA"/>
    <property name="localRepository" value="/workspace/m2-repository"/>
    <property name="java.vendor.url.bug" value="http://www.azul.com/support/"/>
    <property name="java.io.tmpdir" value="/tmp"/>
    <property name="java.version" value="11.0.25"/>
    <property name="user.dir" value="/workspace/kafka-flink-app/flink-kafka-integration"/>
    <property name="os.arch" value="amd64"/>
    <property name="java.vm.specification.name" value="Java Virtual Machine Specification"/>
    <property name="java.awt.printerjob" value="sun.print.PSPrinterJob"/>
    <property name="sun.os.patch.level" value="unknown"/>
    <property name="java.library.path" value="/usr/java/packages/lib:/usr/lib64:/lib64:/lib:/usr/lib"/>
    <property name="java.vm.info" value="mixed mode"/>
    <property name="java.vendor" value="Azul Systems, Inc."/>
    <property name="java.vm.version" value="11.0.25+9-LTS"/>
    <property name="java.specification.maintenance.version" value="3"/>
    <property name="sun.io.unicode.encoding" value="UnicodeLittle"/>
    <property name="java.class.version" value="55.0"/>
  </properties>
  <testcase name="testApp" classname="com.example.AppTest" time="0.001"/>
</testsuite>